Using pre-set license
Built from '2020.3/staging' branch; Version is '2020.3.14f1 (d0d1bb862f9d) revision 13685179'; Using compiler version '192528614'; Build Type 'Release'
OS: 'Windows 10 Home; OS build 19043.1165; Version 2009; 64bit' Language: 'en' Physical Memory: 16318 MB
BatchMode: 1, IsHumanControllingUs: 0, StartBugReporterOnCrash: 0, Is64bit: 1, IsPro: 0

 COMMAND LINE ARGUMENTS:
C:\Program Files\Unity Builds\2020.3.14f1\Editor\Unity.exe
-adb2
-batchMode
-noUpm
-name
AssetImportWorker0
-projectPath
C:/Repos/TippingToast/[production URP] Volleyball
-logFile
Logs/AssetImportWorker0.log
-srvPort
60220
Successfully changed project path to: C:/Repos/TippingToast/[production URP] Volleyball
C:/Repos/TippingToast/[production URP] Volleyball
Using Asset Import Pipeline V2.
Refreshing native plugins compatible for Editor in 54.25 ms, found 2 plugins.
Preloading 0 native plugins for Editor in 0.00 ms.
Initialize engine version: 2020.3.14f1 (d0d1bb862f9d)
[Subsystems] Discovering subsystems at path C:/Program Files/Unity Builds/2020.3.14f1/Editor/Data/Resources/UnitySubsystems
[Subsystems] Discovering subsystems at path C:/Repos/TippingToast/[production URP] Volleyball/Assets
GfxDevice: creating device client; threaded=0
Direct3D:
    Version:  Direct3D 11.0 [level 11.1]
    Renderer: NVIDIA GeForce GTX 1660 Ti (ID=0x2182)
    Vendor:   
    VRAM:     5991 MB
    Driver:   30.0.14.7196
Shader 'Universal Render Pipeline/Particles/Lit': fallback shader 'Universal Render Pipeline/Particles/SimpleLit' not found
Initialize mono
Mono path[0] = 'C:/Program Files/Unity Builds/2020.3.14f1/Editor/Data/Managed'
Mono path[1] = 'C:/Program Files/Unity Builds/2020.3.14f1/Editor/Data/MonoBleedingEdge/lib/mono/unityjit'
Mono config path = 'C:/Program Files/Unity Builds/2020.3.14f1/Editor/Data/MonoBleedingEdge/etc'
Using monoOptions --debugger-agent=transport=dt_socket,embedding=1,server=y,suspend=n,address=127.0.0.1:56880
Begin MonoManager ReloadAssembly
Registering precompiled unity dll's ...
Register platform support module: C:/Program Files/Unity Builds/2020.3.14f1/Editor/Data/PlaybackEngines/WebGLSupport/UnityEditor.WebGL.Extensions.dll
Register platform support module: C:/Program Files/Unity Builds/2020.3.14f1/Editor/Data/PlaybackEngines/WindowsStandaloneSupport/UnityEditor.WindowsStandalone.Extensions.dll
Registered in 0.002893 seconds.
Native extension for WindowsStandalone target not found
Native extension for WebGL target not found
Refreshing native plugins compatible for Editor in 56.53 ms, found 2 plugins.
Preloading 0 native plugins for Editor in 0.00 ms.
Mono: successfully reloaded assembly
- Completed reload, in  1.505 seconds
Domain Reload Profiling:
	ReloadAssembly (1505ms)
		BeginReloadAssembly (66ms)
			ExecutionOrderSort (0ms)
			DisableScriptedObjects (0ms)
			BackupInstance (0ms)
			ReleaseScriptingObjects (0ms)
			CreateAndSetChildDomain (1ms)
		EndReloadAssembly (449ms)
			LoadAssemblies (64ms)
			RebuildTransferFunctionScriptingTraits (0ms)
			SetupTypeCache (152ms)
			ReleaseScriptCaches (0ms)
			RebuildScriptCaches (35ms)
			SetupLoadedEditorAssemblies (187ms)
				LogAssemblyErrors (0ms)
				InitializePlatformSupportModulesInManaged (5ms)
				SetLoadedEditorAssemblies (0ms)
				RefreshPlugins (57ms)
				BeforeProcessingInitializeOnLoad (11ms)
				ProcessInitializeOnLoadAttributes (86ms)
				ProcessInitializeOnLoadMethodAttributes (28ms)
				AfterProcessingInitializeOnLoad (0ms)
				EditorAssembliesLoaded (0ms)
			ExecutionOrderSort2 (0ms)
			AwakeInstancesAfterBackupRestoration (0ms)
Platform modules already initialized, skipping
Registering precompiled user dll's ...
Registered in 0.005218 seconds.
Begin MonoManager ReloadAssembly
Native extension for WindowsStandalone target not found
Native extension for WebGL target not found
Refreshing native plugins compatible for Editor in 59.54 ms, found 2 plugins.
Preloading 0 native plugins for Editor in 0.00 ms.
Mono: successfully reloaded assembly
- Completed reload, in  1.269 seconds
Domain Reload Profiling:
	ReloadAssembly (1270ms)
		BeginReloadAssembly (156ms)
			ExecutionOrderSort (0ms)
			DisableScriptedObjects (5ms)
			BackupInstance (0ms)
			ReleaseScriptingObjects (0ms)
			CreateAndSetChildDomain (19ms)
		EndReloadAssembly (1045ms)
			LoadAssemblies (106ms)
			RebuildTransferFunctionScriptingTraits (0ms)
			SetupTypeCache (338ms)
			ReleaseScriptCaches (1ms)
			RebuildScriptCaches (65ms)
			SetupLoadedEditorAssemblies (415ms)
				LogAssemblyErrors (0ms)
				InitializePlatformSupportModulesInManaged (5ms)
				SetLoadedEditorAssemblies (0ms)
				RefreshPlugins (60ms)
				BeforeProcessingInitializeOnLoad (103ms)
				ProcessInitializeOnLoadAttributes (233ms)
				ProcessInitializeOnLoadMethodAttributes (5ms)
				AfterProcessingInitializeOnLoad (8ms)
				EditorAssembliesLoaded (0ms)
			ExecutionOrderSort2 (0ms)
			AwakeInstancesAfterBackupRestoration (7ms)
Platform modules already initialized, skipping
========================================================================
Worker process is ready to serve import requests
Shader 'Universal Render Pipeline/Particles/Lit': fallback shader 'Universal Render Pipeline/Particles/SimpleLit' not found
Launched and connected shader compiler UnityShaderCompiler.exe after 0.05 seconds
Refreshing native plugins compatible for Editor in 0.59 ms, found 2 plugins.
Preloading 0 native plugins for Editor in 0.00 ms.
Unloading 3001 Unused Serialized files (Serialized files now loaded: 0)
System memory in use before: 134.5 MB.
System memory in use after: 133.3 MB.

Unloading 49 unused Assets to reduce memory usage. Loaded Objects now: 3411.
Total: 3.065300 ms (FindLiveObjects: 0.293900 ms CreateObjectMapping: 0.157300 ms MarkObjects: 2.041700 ms  DeleteObjects: 0.571200 ms)

AssetImportParameters requested are different than current active one (requested -> active):
  requireTextureImportCompression: false -> true
  custom:framework-win-MediaFoundation: 216162199b28c13a410421893ffa2e32 -> 
  custom:video-decoder-ogg-theora: a1e56fd34408186e4bbccfd4996cb3dc -> 
  custom:container-muxer-webm: aa71ff27fc2769a1b78a27578f13a17b -> 
  custom:container-demuxer-webm: 4f35f7cbe854078d1ac9338744f61a02 -> 
  custom:container-demuxer-ogg: 62fdf1f143b41e24485cea50d1cbac27 -> 
  custom:video-encoder-webm-vp8: eb34c28f22e8b96e1ab97ce403110664 -> 
  custom:video-decoder-webm-vp8: 9c59270c3fd7afecdb556c50c9e8de78 -> 
  custom:audio-decoder-ogg-vorbis: bf7c407c2cedff20999df2af8eb42d56 -> 
  custom:audio-encoder-webm-vorbis: bf7c407c2cedff20999df2af8eb42d56 -> 
========================================================================
Received Import Request.
  path: Assets/_Game Name/Prefabs/Distance Meter.prefab
  artifactKey: Guid(2f03d1c9fa8d0524a948426ef9e948d6) Importer(815301076,1909f56bfc062723c751e8b465ee728b)
Start importing Assets/_Game Name/Prefabs/Distance Meter.prefab using Guid(2f03d1c9fa8d0524a948426ef9e948d6) Importer(815301076,1909f56bfc062723c751e8b465ee728b)  -> (artifact id: '4f30eb821826d520305b008308239b9b') in 0.115010 seconds 
  Import took 0.119963 seconds .

========================================================================
Received Import Request.
  Time since last request: 1.563722 seconds.
  path: Assets/_Game Name/Prefabs/Element Drawer 3D.prefab
  artifactKey: Guid(efc89e9458a0fea4f9c418f7f386e7a9) Importer(815301076,1909f56bfc062723c751e8b465ee728b)
Start importing Assets/_Game Name/Prefabs/Element Drawer 3D.prefab using Guid(efc89e9458a0fea4f9c418f7f386e7a9) Importer(815301076,1909f56bfc062723c751e8b465ee728b)  -> (artifact id: '430b3b0a2adaa1c7f346e4bfaf135339') in 0.079877 seconds 
  Import took 0.087405 seconds .

========================================================================
Received Import Request.
  Time since last request: 1.132579 seconds.
  path: Assets/_Game Name/Prefabs/Element Invert Color.prefab
  artifactKey: Guid(e10b8558204bcb74ea8f2a1fd9f24f1a) Importer(815301076,1909f56bfc062723c751e8b465ee728b)
Start importing Assets/_Game Name/Prefabs/Element Invert Color.prefab using Guid(e10b8558204bcb74ea8f2a1fd9f24f1a) Importer(815301076,1909f56bfc062723c751e8b465ee728b)  -> (artifact id: '6b523f355b06b2dfff5bb32f09b4cc9e') in 0.053626 seconds 
  Import took 0.058910 seconds .

========================================================================
Received Import Request.
  Time since last request: 37.245599 seconds.
  path: Assets/_Game Name/Prefabs/Environment.prefab
  artifactKey: Guid(ab632a925735d564fb89a51ce50a05af) Importer(815301076,1909f56bfc062723c751e8b465ee728b)
Start importing Assets/_Game Name/Prefabs/Environment.prefab using Guid(ab632a925735d564fb89a51ce50a05af) Importer(815301076,1909f56bfc062723c751e8b465ee728b)  -> (artifact id: 'eda534cea7c6c56bef09917990f78a66') in 0.104767 seconds 
  Import took 0.111397 seconds .

========================================================================
Received Import Request.
  Time since last request: 4.432850 seconds.
  path: Assets/_Game Name/Prefabs/CANVAS UI.prefab
  artifactKey: Guid(90b78afd97214a741bb8439402f4dbcb) Importer(815301076,1909f56bfc062723c751e8b465ee728b)
Start importing Assets/_Game Name/Prefabs/CANVAS UI.prefab using Guid(90b78afd97214a741bb8439402f4dbcb) Importer(815301076,1909f56bfc062723c751e8b465ee728b)  -> (artifact id: '40d8ae2a6d440e97231ebf05e5bb32ce') in 0.046246 seconds 
  Import took 0.051377 seconds .

========================================================================
Received Import Request.
  Time since last request: 0.037939 seconds.
  path: Assets/_Game Name/Prefabs/CANVAS UI.prefab
  artifactKey: Guid(90b78afd97214a741bb8439402f4dbcb) Importer(815301076,1909f56bfc062723c751e8b465ee728b)
Start importing Assets/_Game Name/Prefabs/CANVAS UI.prefab using Guid(90b78afd97214a741bb8439402f4dbcb) Importer(815301076,1909f56bfc062723c751e8b465ee728b)  -> (artifact id: '40d8ae2a6d440e97231ebf05e5bb32ce') in 0.018182 seconds 
  Import took 0.023380 seconds .

========================================================================
Received Import Request.
  Time since last request: 5.715468 seconds.
  path: Assets/_Game Name/Prefabs/Parabola Root.prefab
  artifactKey: Guid(804aebdd21c08a2409af67b67326ecd9) Importer(815301076,1909f56bfc062723c751e8b465ee728b)
Start importing Assets/_Game Name/Prefabs/Parabola Root.prefab using Guid(804aebdd21c08a2409af67b67326ecd9) Importer(815301076,1909f56bfc062723c751e8b465ee728b)  -> (artifact id: '93db0cbb47042e8828d9c161225a4cd5') in 0.007068 seconds 
  Import took 0.012176 seconds .

========================================================================
Received Import Request.
  Time since last request: 11.177395 seconds.
  path: Assets/_Game Name/Prefabs/Ball.prefab
  artifactKey: Guid(a876ffd541d84f7489a16021eb31c2b1) Importer(815301076,1909f56bfc062723c751e8b465ee728b)
Start importing Assets/_Game Name/Prefabs/Ball.prefab using Guid(a876ffd541d84f7489a16021eb31c2b1) Importer(815301076,1909f56bfc062723c751e8b465ee728b)  -> (artifact id: '4d64c5a58b51f4848d638d71fa21772e') in 0.012608 seconds 
  Import took 0.017223 seconds .

========================================================================
Received Import Request.
  Time since last request: 0.006094 seconds.
  path: Assets/_Game Name/Prefabs/Ball.prefab
  artifactKey: Guid(a876ffd541d84f7489a16021eb31c2b1) Importer(815301076,1909f56bfc062723c751e8b465ee728b)
Start importing Assets/_Game Name/Prefabs/Ball.prefab using Guid(a876ffd541d84f7489a16021eb31c2b1) Importer(815301076,1909f56bfc062723c751e8b465ee728b)  -> (artifact id: '4d64c5a58b51f4848d638d71fa21772e') in 0.009515 seconds 
  Import took 0.013949 seconds .

========================================================================
Received Import Request.
  Time since last request: 44.363530 seconds.
  path: Assets/SimpleParallax.cs
  artifactKey: Guid(5669586512f047c4aaff939ddb8b2b1b) Importer(815301076,1909f56bfc062723c751e8b465ee728b)
Start importing Assets/SimpleParallax.cs using Guid(5669586512f047c4aaff939ddb8b2b1b) Importer(815301076,1909f56bfc062723c751e8b465ee728b)  -> (artifact id: 'd72a90e7e13f9bbff7c4e910cbc836fd') in 0.005986 seconds 
  Import took 0.010964 seconds .

========================================================================
Received Import Request.
  Time since last request: 0.007886 seconds.
  path: Assets/ScoreDisplay.cs
  artifactKey: Guid(0cf487ab978883c42ab5e67f12516e16) Importer(815301076,1909f56bfc062723c751e8b465ee728b)
Start importing Assets/ScoreDisplay.cs using Guid(0cf487ab978883c42ab5e67f12516e16) Importer(815301076,1909f56bfc062723c751e8b465ee728b)  -> (artifact id: '32c4b86b9182740ed624411e281fbf5d') in 0.001640 seconds 
  Import took 0.005985 seconds .

========================================================================
Received Import Request.
  Time since last request: 0.002513 seconds.
  path: Assets/_Game Name/Scripts/State Machines/Player States/PlayerStateHittingBall.cs
  artifactKey: Guid(b090c25533718da40960f41a1718f239) Importer(815301076,1909f56bfc062723c751e8b465ee728b)
Start importing Assets/_Game Name/Scripts/State Machines/Player States/PlayerStateHittingBall.cs using Guid(b090c25533718da40960f41a1718f239) Importer(815301076,1909f56bfc062723c751e8b465ee728b)  -> (artifact id: '629abf4ee8f64a51a7f4354758e517f5') in 0.001729 seconds 
  Import took 0.006222 seconds .

========================================================================
Received Import Request.
  Time since last request: 0.002857 seconds.
  path: Assets/_Game Name/Scripts/State Machines/Player States/PlayerStateWalking.cs
  artifactKey: Guid(60b9b5a76a88fcc46a1b3e56d957ada9) Importer(815301076,1909f56bfc062723c751e8b465ee728b)
Start importing Assets/_Game Name/Scripts/State Machines/Player States/PlayerStateWalking.cs using Guid(60b9b5a76a88fcc46a1b3e56d957ada9) Importer(815301076,1909f56bfc062723c751e8b465ee728b)  -> (artifact id: 'b3de8a84e2f1e24d0fa44ef5e3357b18') in 0.001767 seconds 
  Import took 0.006071 seconds .

========================================================================
Received Import Request.
  Time since last request: 0.004774 seconds.
  path: Assets/_Game Name/Scripts/GameManager.cs
  artifactKey: Guid(ea657b99ec115d3458f4a962117e6a50) Importer(815301076,1909f56bfc062723c751e8b465ee728b)
Start importing Assets/_Game Name/Scripts/GameManager.cs using Guid(ea657b99ec115d3458f4a962117e6a50) Importer(815301076,1909f56bfc062723c751e8b465ee728b)  -> (artifact id: 'cae82e3860357a38adc76ac800e57a2f') in 0.001790 seconds 
  Import took 0.006496 seconds .

========================================================================
Received Import Request.
  Time since last request: 0.024373 seconds.
  path: Assets/Countdown.cs
  artifactKey: Guid(39bcf3c730f34dd47a11724519ac5186) Importer(815301076,1909f56bfc062723c751e8b465ee728b)
Start importing Assets/Countdown.cs using Guid(39bcf3c730f34dd47a11724519ac5186) Importer(815301076,1909f56bfc062723c751e8b465ee728b)  -> (artifact id: 'e09136e8e25872a1162e8aa49c9b7bae') in 0.001674 seconds 
  Import took 0.005930 seconds .

========================================================================
Received Import Request.
  Time since last request: 0.002763 seconds.
  path: Assets/_Game Name/Materials/Physics 2D/Ground.physicsMaterial2D
  artifactKey: Guid(d36922740f4e0e54abc97bf08b77d318) Importer(815301076,1909f56bfc062723c751e8b465ee728b)
Start importing Assets/_Game Name/Materials/Physics 2D/Ground.physicsMaterial2D using Guid(d36922740f4e0e54abc97bf08b77d318) Importer(815301076,1909f56bfc062723c751e8b465ee728b)  -> (artifact id: '6d42f835d65d605106f4e30693e095f4') in 0.003705 seconds 
  Import took 0.007893 seconds .

========================================================================
Received Import Request.
  Time since last request: 0.016205 seconds.
  path: Assets/_Game Name/Animations/Final Distance Text.controller
  artifactKey: Guid(d1cfa288990d66d41997dcb22ddc7513) Importer(815301076,1909f56bfc062723c751e8b465ee728b)
Start importing Assets/_Game Name/Animations/Final Distance Text.controller using Guid(d1cfa288990d66d41997dcb22ddc7513) Importer(815301076,1909f56bfc062723c751e8b465ee728b)  -> (artifact id: 'a3ee6c445652edafce955e1580827334') in 0.004925 seconds 
  Import took 0.009350 seconds .

========================================================================
Received Import Request.
  Time since last request: 0.002769 seconds.
  path: Assets/_Game Name/Scripts/State Machines/Player States/PlayerStateCrying.cs
  artifactKey: Guid(5bd73d1ed5dc6104aaa7f3105e00f520) Importer(815301076,1909f56bfc062723c751e8b465ee728b)
Start importing Assets/_Game Name/Scripts/State Machines/Player States/PlayerStateCrying.cs using Guid(5bd73d1ed5dc6104aaa7f3105e00f520) Importer(815301076,1909f56bfc062723c751e8b465ee728b)  -> (artifact id: '3e957e6aac6e6926224844727be280b0') in 0.001769 seconds 
  Import took 0.006153 seconds .

========================================================================
Received Import Request.
  Time since last request: 0.004680 seconds.
  path: Assets/TextMesh Pro/Shaders/TMP_Bitmap.shader
  artifactKey: Guid(128e987d567d4e2c824d754223b3f3b0) Importer(815301076,1909f56bfc062723c751e8b465ee728b)
Start importing Assets/TextMesh Pro/Shaders/TMP_Bitmap.shader using Guid(128e987d567d4e2c824d754223b3f3b0) Importer(815301076,1909f56bfc062723c751e8b465ee728b)  -> (artifact id: '9f225947b6ad066d1aba1b604d4804f2') in 0.003504 seconds 
  Import took 0.007820 seconds .

========================================================================
Received Import Request.
  Time since last request: 0.002430 seconds.
  path: Assets/_Game Name/Scripts/EventManager.cs
  artifactKey: Guid(2dd833e3ff1712542b37937decdb8ae3) Importer(815301076,1909f56bfc062723c751e8b465ee728b)
Start importing Assets/_Game Name/Scripts/EventManager.cs using Guid(2dd833e3ff1712542b37937decdb8ae3) Importer(815301076,1909f56bfc062723c751e8b465ee728b)  -> (artifact id: '0b1f7101a855a23f992ed3607dabb811') in 0.001676 seconds 
  Import took 0.005567 seconds .

========================================================================
Received Import Request.
  Time since last request: 0.004418 seconds.
  path: Assets/MatchWinnerDisplay.cs
  artifactKey: Guid(f996581dcd388d4468d8634292f7c72e) Importer(815301076,1909f56bfc062723c751e8b465ee728b)
Start importing Assets/MatchWinnerDisplay.cs using Guid(f996581dcd388d4468d8634292f7c72e) Importer(815301076,1909f56bfc062723c751e8b465ee728b)  -> (artifact id: '0d9ef5809c13e29b85702e5c9fe0fb21') in 0.001797 seconds 
  Import took 0.006194 seconds .

========================================================================
Received Import Request.
  Time since last request: 0.013667 seconds.
  path: Assets/_Game Name/Animations/Math Question Display @ Hide.anim
  artifactKey: Guid(d7be6e74105e9ef46a292ef843d41f11) Importer(815301076,1909f56bfc062723c751e8b465ee728b)
Start importing Assets/_Game Name/Animations/Math Question Display @ Hide.anim using Guid(d7be6e74105e9ef46a292ef843d41f11) Importer(815301076,1909f56bfc062723c751e8b465ee728b)  -> (artifact id: 'b87496bdf056f63f04291e22a16778fb') in 0.004053 seconds 
  Import took 0.008275 seconds .

========================================================================
Received Import Request.
  Time since last request: 0.013893 seconds.
  path: Assets/_Game Name/Scripts/State Machines/Player States/PlayerStateAnsweringMath.cs
  artifactKey: Guid(ad2e7f5d53e8a1c4ba85af4aad7c2c7e) Importer(815301076,1909f56bfc062723c751e8b465ee728b)
Start importing Assets/_Game Name/Scripts/State Machines/Player States/PlayerStateAnsweringMath.cs using Guid(ad2e7f5d53e8a1c4ba85af4aad7c2c7e) Importer(815301076,1909f56bfc062723c751e8b465ee728b)  -> (artifact id: '947e55b8fa99b9637fbe8ccb48d71013') in 0.001622 seconds 
  Import took 0.005908 seconds .

========================================================================
Received Import Request.
  Time since last request: 0.002749 seconds.
  path: Assets/_Game Name/Scripts/Data.cs
  artifactKey: Guid(eb30c080a02f42e4cb2b02b45c40a5f2) Importer(815301076,1909f56bfc062723c751e8b465ee728b)
Start importing Assets/_Game Name/Scripts/Data.cs using Guid(eb30c080a02f42e4cb2b02b45c40a5f2) Importer(815301076,1909f56bfc062723c751e8b465ee728b)  -> (artifact id: 'ced3ade51ca01f4d84fdba8893ecbf0b') in 0.001605 seconds 
  Import took 0.005580 seconds .

========================================================================
Received Import Request.
  Time since last request: 0.002407 seconds.
  path: Assets/_Game Name/Scripts/Player.cs
  artifactKey: Guid(b642003295ec1644785f7b6c4b4aede9) Importer(815301076,1909f56bfc062723c751e8b465ee728b)
Start importing Assets/_Game Name/Scripts/Player.cs using Guid(b642003295ec1644785f7b6c4b4aede9) Importer(815301076,1909f56bfc062723c751e8b465ee728b)  -> (artifact id: 'd30c1a12fdbd5f87ab1a1e56cda9fecb') in 0.001629 seconds 
  Import took 0.005730 seconds .

========================================================================
Received Import Request.
  Time since last request: 0.002500 seconds.
  path: Assets/ButtonPlayAgain.cs
  artifactKey: Guid(ad2cd3daa76b0214b997492034b4663c) Importer(815301076,1909f56bfc062723c751e8b465ee728b)
Start importing Assets/ButtonPlayAgain.cs using Guid(ad2cd3daa76b0214b997492034b4663c) Importer(815301076,1909f56bfc062723c751e8b465ee728b)  -> (artifact id: '448345c72da063028cd67b95314bdd5e') in 0.001585 seconds 
  Import took 0.005319 seconds .

========================================================================
Received Import Request.
  Time since last request: 0.007165 seconds.
  path: Assets/_Game Name/Scripts/PlayerTwo.cs
  artifactKey: Guid(0e46518e0e25d4049a7d69e0018b0690) Importer(815301076,1909f56bfc062723c751e8b465ee728b)
Start importing Assets/_Game Name/Scripts/PlayerTwo.cs using Guid(0e46518e0e25d4049a7d69e0018b0690) Importer(815301076,1909f56bfc062723c751e8b465ee728b)  -> (artifact id: '3eb05d0b3bd1e06fa062d4cdd9aa866a') in 0.001664 seconds 
  Import took 0.005986 seconds .

========================================================================
Received Import Request.
  Time since last request: 0.005356 seconds.
  path: Assets/ButtonStart.cs
  artifactKey: Guid(5c783f800edd71145913b10c033b0017) Importer(815301076,1909f56bfc062723c751e8b465ee728b)
Start importing Assets/ButtonStart.cs using Guid(5c783f800edd71145913b10c033b0017) Importer(815301076,1909f56bfc062723c751e8b465ee728b)  -> (artifact id: '175caedd075ac908e1b60e500f62801b') in 0.001672 seconds 
  Import took 0.005941 seconds .

========================================================================
Received Import Request.
  Time since last request: 0.002567 seconds.
  path: Assets/_Game Name/Animations/FinalDistance@Idle.anim
  artifactKey: Guid(c88d06629ec1b714dbdf408d4cd5476e) Importer(815301076,1909f56bfc062723c751e8b465ee728b)
Start importing Assets/_Game Name/Animations/FinalDistance@Idle.anim using Guid(c88d06629ec1b714dbdf408d4cd5476e) Importer(815301076,1909f56bfc062723c751e8b465ee728b)  -> (artifact id: '7df80e2cb891190c47953dd535da0b8b') in 0.002172 seconds 
  Import took 0.006204 seconds .

========================================================================
Received Import Request.
  Time since last request: 0.002830 seconds.
  path: Assets/_Game Name/Scripts/State Machines/StateMachine.cs
  artifactKey: Guid(e5446a8b25f7ebe41832ebd06059df60) Importer(815301076,1909f56bfc062723c751e8b465ee728b)
Start importing Assets/_Game Name/Scripts/State Machines/StateMachine.cs using Guid(e5446a8b25f7ebe41832ebd06059df60) Importer(815301076,1909f56bfc062723c751e8b465ee728b)  -> (artifact id: '52123d8af41f7b1ed20a1012d0118262') in 0.001614 seconds 
  Import took 0.005678 seconds .

========================================================================
Received Import Request.
  Time since last request: 0.013456 seconds.
  path: Assets/_Game Name/Scripts/State Machines/Player States/PlayerStateCheering.cs
  artifactKey: Guid(f5d138470e1df584aba47a366560fcf6) Importer(815301076,1909f56bfc062723c751e8b465ee728b)
Start importing Assets/_Game Name/Scripts/State Machines/Player States/PlayerStateCheering.cs using Guid(f5d138470e1df584aba47a366560fcf6) Importer(815301076,1909f56bfc062723c751e8b465ee728b)  -> (artifact id: 'b9700bb2aeac7beed80e4f72a869692f') in 0.001687 seconds 
  Import took 0.005864 seconds .

========================================================================
Received Import Request.
  Time since last request: 0.015326 seconds.
  path: Assets/PowerMeter.cs
  artifactKey: Guid(963bd488a80647c408122c19d553e248) Importer(815301076,1909f56bfc062723c751e8b465ee728b)
Start importing Assets/PowerMeter.cs using Guid(963bd488a80647c408122c19d553e248) Importer(815301076,1909f56bfc062723c751e8b465ee728b)  -> (artifact id: '56b08982aee8d9ccea4c0024e5401701') in 0.001733 seconds 
  Import took 0.006119 seconds .

========================================================================
Received Import Request.
  Time since last request: 0.002482 seconds.
  path: Assets/PlayerXScoredDisplayer.cs
  artifactKey: Guid(d9856aa89d321454bbea77ccdc80786d) Importer(815301076,1909f56bfc062723c751e8b465ee728b)
Start importing Assets/PlayerXScoredDisplayer.cs using Guid(d9856aa89d321454bbea77ccdc80786d) Importer(815301076,1909f56bfc062723c751e8b465ee728b)  -> (artifact id: 'a9cc34e6b0e58a61c70d9fde049bc022') in 0.001677 seconds 
  Import took 0.005725 seconds .

========================================================================
Received Import Request.
  Time since last request: 0.002573 seconds.
  path: Assets/CloudMovement.cs
  artifactKey: Guid(ce1f3beff7e629347bc8bd0159c734f0) Importer(815301076,1909f56bfc062723c751e8b465ee728b)
Start importing Assets/CloudMovement.cs using Guid(ce1f3beff7e629347bc8bd0159c734f0) Importer(815301076,1909f56bfc062723c751e8b465ee728b)  -> (artifact id: 'b05f8f90aae5a84eab99e6d6fe7a6416') in 0.001979 seconds 
  Import took 0.006030 seconds .

========================================================================
Received Import Request.
  Time since last request: 0.007537 seconds.
  path: Assets/_Game Name/Scripts/State Machines/IState.cs
  artifactKey: Guid(c47421007b52c9446a442b57eefa688e) Importer(815301076,1909f56bfc062723c751e8b465ee728b)
Start importing Assets/_Game Name/Scripts/State Machines/IState.cs using Guid(c47421007b52c9446a442b57eefa688e) Importer(815301076,1909f56bfc062723c751e8b465ee728b)  -> (artifact id: '6395d0edf18e9d1f60ee2369c6bc1aa8') in 0.001560 seconds 
  Import took 0.005758 seconds .

========================================================================
Received Import Request.
  Time since last request: 0.009625 seconds.
  path: Assets/Ball.cs
  artifactKey: Guid(0b5a2fde44731994487a8cd67d3be276) Importer(815301076,1909f56bfc062723c751e8b465ee728b)
Start importing Assets/Ball.cs using Guid(0b5a2fde44731994487a8cd67d3be276) Importer(815301076,1909f56bfc062723c751e8b465ee728b)  -> (artifact id: 'eff392f2da4080dd26da8dd12ab327f1') in 0.001443 seconds 
  Import took 0.005513 seconds .

========================================================================
Received Import Request.
  Time since last request: 0.002665 seconds.
  path: Assets/FinalDistanceText.cs
  artifactKey: Guid(25d98ae9ff6cefb488d0196edc5a24b1) Importer(815301076,1909f56bfc062723c751e8b465ee728b)
Start importing Assets/FinalDistanceText.cs using Guid(25d98ae9ff6cefb488d0196edc5a24b1) Importer(815301076,1909f56bfc062723c751e8b465ee728b)  -> (artifact id: '16f81531986d555023ab5af4afcd6c8a') in 0.001538 seconds 
  Import took 0.005263 seconds .

========================================================================
Received Import Request.
  Time since last request: 0.018756 seconds.
  path: Assets/_Game Name/Scripts/State Machines/Player States/PlayerStateMovingToPosition.cs
  artifactKey: Guid(b6e0907898863bb4d86114adfa248443) Importer(815301076,1909f56bfc062723c751e8b465ee728b)
Start importing Assets/_Game Name/Scripts/State Machines/Player States/PlayerStateMovingToPosition.cs using Guid(b6e0907898863bb4d86114adfa248443) Importer(815301076,1909f56bfc062723c751e8b465ee728b)  -> (artifact id: 'a1075311362612b299e270760a20e122') in 0.002068 seconds 
  Import took 0.006308 seconds .

========================================================================
Received Import Request.
  Time since last request: 0.006387 seconds.
  path: Assets/_Game Name/Animations/StartButton@Out.anim
  artifactKey: Guid(5be0a8ddaff94c34685c1a14b8dfc64e) Importer(815301076,1909f56bfc062723c751e8b465ee728b)
Start importing Assets/_Game Name/Animations/StartButton@Out.anim using Guid(5be0a8ddaff94c34685c1a14b8dfc64e) Importer(815301076,1909f56bfc062723c751e8b465ee728b)  -> (artifact id: '8f9f8382d7fd2dabe7d2b39f170df58d') in 0.002318 seconds 
  Import took 0.006706 seconds .

========================================================================
Received Import Request.
  Time since last request: 0.002910 seconds.
  path: Assets/ButtonQuit.cs
  artifactKey: Guid(0babb33bb5f5e824f9056d7140c8aa8d) Importer(815301076,1909f56bfc062723c751e8b465ee728b)
Start importing Assets/ButtonQuit.cs using Guid(0babb33bb5f5e824f9056d7140c8aa8d) Importer(815301076,1909f56bfc062723c751e8b465ee728b)  -> (artifact id: '1f75e1000a4ae8b16a5c0f37c3d30278') in 0.001553 seconds 
  Import took 0.005549 seconds .

========================================================================
Received Import Request.
  Time since last request: 0.002604 seconds.
  path: Assets/_Game Name/Scripts/State Machines/Player States/PlayerStateIdle.cs
  artifactKey: Guid(e64a83b97079fc543bd75e96e29e383c) Importer(815301076,1909f56bfc062723c751e8b465ee728b)
Start importing Assets/_Game Name/Scripts/State Machines/Player States/PlayerStateIdle.cs using Guid(e64a83b97079fc543bd75e96e29e383c) Importer(815301076,1909f56bfc062723c751e8b465ee728b)  -> (artifact id: '440e573cb63c8c5deb0fa96b577ca641') in 0.001669 seconds 
  Import took 0.005510 seconds .

========================================================================
Received Import Request.
  Time since last request: 0.002430 seconds.
  path: Assets/MathQuestionDisplay.cs
  artifactKey: Guid(9881d31ba4886b649bb686ae43f62387) Importer(815301076,1909f56bfc062723c751e8b465ee728b)
Start importing Assets/MathQuestionDisplay.cs using Guid(9881d31ba4886b649bb686ae43f62387) Importer(815301076,1909f56bfc062723c751e8b465ee728b)  -> (artifact id: 'd4e2515d6b7114c3311ec593a5cdbd31') in 0.001565 seconds 
  Import took 0.005231 seconds .

AssetImportWorkerClient::OnTransportError - code=2 error=End of file
